CRITICAL - 2020-09-02 09:30:55 --> Undefined property: App\Controllers\Home::$load
#0 /var/www/html/framework-4.0.4/app/Controllers/Home.php(7): CodeIgniter\Debug\Exceptions->errorHandler(8, 'Undefined prope...', '/var/www/html/f...', 7, Array)
#1 /var/www/html/framework-4.0.4/system/CodeIgniter.php(890): App\Controllers\Home->__construct()
#2 /var/www/html/framework-4.0.4/system/CodeIgniter.php(399): CodeIgniter\CodeIgniter->createController()
#3 /var/www/html/framework-4.0.4/system/CodeIgniter.php(312): CodeIgniter\CodeIgniter->handleRequest(NULL, Object(Config\Cache), false)
#4 /var/www/html/framework-4.0.4/public/index.php(45): CodeIgniter\CodeIgniter->run()
#5 {main}
CRITICAL - 2020-09-02 17:50:10 --> Allowed fields must be specified for model: App\Models\PruebaModel
#0 /var/www/html/framework-4.0.4/system/Model.php(1265): CodeIgniter\Database\Exceptions\DataException::forInvalidAllowedFields('App\\Models\\Prue...')
#1 /var/www/html/framework-4.0.4/system/Model.php(735): CodeIgniter\Model->doProtectFields(Array)
#2 /var/www/html/framework-4.0.4/app/Controllers/Home.php(11): CodeIgniter\Model->insert(Array)
#3 /var/www/html/framework-4.0.4/system/CodeIgniter.php(918): App\Controllers\Home->index()
#4 /var/www/html/framework-4.0.4/system/CodeIgniter.php(404): CodeIgniter\CodeIgniter->runController(Object(App\Controllers\Home))
#5 /var/www/html/framework-4.0.4/system/CodeIgniter.php(312): CodeIgniter\CodeIgniter->handleRequest(NULL, Object(Config\Cache), false)
#6 /var/www/html/framework-4.0.4/index.php(45): CodeIgniter\CodeIgniter->run()
#7 {main}
CRITICAL - 2020-09-02 17:50:12 --> Allowed fields must be specified for model: App\Models\PruebaModel
#0 /var/www/html/framework-4.0.4/system/Model.php(1265): CodeIgniter\Database\Exceptions\DataException::forInvalidAllowedFields('App\\Models\\Prue...')
#1 /var/www/html/framework-4.0.4/system/Model.php(735): CodeIgniter\Model->doProtectFields(Array)
#2 /var/www/html/framework-4.0.4/app/Controllers/Home.php(11): CodeIgniter\Model->insert(Array)
#3 /var/www/html/framework-4.0.4/system/CodeIgniter.php(918): App\Controllers\Home->index()
#4 /var/www/html/framework-4.0.4/system/CodeIgniter.php(404): CodeIgniter\CodeIgniter->runController(Object(App\Controllers\Home))
#5 /var/www/html/framework-4.0.4/system/CodeIgniter.php(312): CodeIgniter\CodeIgniter->handleRequest(NULL, Object(Config\Cache), false)
#6 /var/www/html/framework-4.0.4/index.php(45): CodeIgniter\CodeIgniter->run()
#7 {main}
CRITICAL - 2020-09-02 17:50:59 --> Allowed fields must be specified for model: App\Models\PruebaModel
#0 /var/www/html/framework-4.0.4/system/Model.php(1265): CodeIgniter\Database\Exceptions\DataException::forInvalidAllowedFields('App\\Models\\Prue...')
#1 /var/www/html/framework-4.0.4/system/Model.php(735): CodeIgniter\Model->doProtectFields(Array)
#2 /var/www/html/framework-4.0.4/app/Controllers/Home.php(11): CodeIgniter\Model->insert(Array)
#3 /var/www/html/framework-4.0.4/system/CodeIgniter.php(918): App\Controllers\Home->index()
#4 /var/www/html/framework-4.0.4/system/CodeIgniter.php(404): CodeIgniter\CodeIgniter->runController(Object(App\Controllers\Home))
#5 /var/www/html/framework-4.0.4/system/CodeIgniter.php(312): CodeIgniter\CodeIgniter->handleRequest(NULL, Object(Config\Cache), false)
#6 /var/www/html/framework-4.0.4/index.php(45): CodeIgniter\CodeIgniter->run()
#7 {main}
CRITICAL - 2020-09-02 17:51:26 --> Allowed fields must be specified for model: App\Models\PruebaModel
#0 /var/www/html/framework-4.0.4/system/Model.php(1265): CodeIgniter\Database\Exceptions\DataException::forInvalidAllowedFields('App\\Models\\Prue...')
#1 /var/www/html/framework-4.0.4/system/Model.php(735): CodeIgniter\Model->doProtectFields(Array)
#2 /var/www/html/framework-4.0.4/app/Controllers/Home.php(11): CodeIgniter\Model->insert(Array)
#3 /var/www/html/framework-4.0.4/system/CodeIgniter.php(918): App\Controllers\Home->index()
#4 /var/www/html/framework-4.0.4/system/CodeIgniter.php(404): CodeIgniter\CodeIgniter->runController(Object(App\Controllers\Home))
#5 /var/www/html/framework-4.0.4/system/CodeIgniter.php(312): CodeIgniter\CodeIgniter->handleRequest(NULL, Object(Config\Cache), false)
#6 /var/www/html/framework-4.0.4/index.php(45): CodeIgniter\CodeIgniter->run()
#7 {main}
