CRITICAL - 2020-09-15 08:46:09 --> Undefined variable: usuario
#0 /var/www/html/framework-4.0.4/app/Views/registro/usuario.php(23): CodeIgniter\Debug\Exceptions->errorHandler(8, 'Undefined varia...', '/var/www/html/f...', 23, Array)
#1 /var/www/html/framework-4.0.4/system/View/View.php(246): include('/var/www/html/f...')
#2 /var/www/html/framework-4.0.4/system/Common.php(1119): CodeIgniter\View\View->render('registro/usuari...', Array, true)
#3 /var/www/html/framework-4.0.4/app/Controllers/Home.php(66): view('registro/usuari...')
#4 /var/www/html/framework-4.0.4/system/CodeIgniter.php(918): App\Controllers\Home->formulario()
#5 /var/www/html/framework-4.0.4/system/CodeIgniter.php(404): CodeIgniter\CodeIgniter->runController(Object(App\Controllers\Home))
#6 /var/www/html/framework-4.0.4/system/CodeIgniter.php(312): CodeIgniter\CodeIgniter->handleRequest(NULL, Object(Config\Cache), false)
#7 /var/www/html/framework-4.0.4/index.php(45): CodeIgniter\CodeIgniter->run()
#8 {main}
CRITICAL - 2020-09-15 09:28:47 --> Table 'prueba.hdv' doesn't exist
#0 /var/www/html/framework-4.0.4/system/Database/MySQLi/Connection.php(331): mysqli->query('SELECT COUNT(*)...')
#1 /var/www/html/framework-4.0.4/system/Database/BaseConnection.php(741): CodeIgniter\Database\MySQLi\Connection->execute('SELECT COUNT(*)...')
#2 /var/www/html/framework-4.0.4/system/Database/BaseConnection.php(669): CodeIgniter\Database\BaseConnection->simpleQuery('SELECT COUNT(*)...')
#3 /var/www/html/framework-4.0.4/system/Database/BaseBuilder.php(1952): CodeIgniter\Database\BaseConnection->query('SELECT COUNT(*)...', Array, false)
#4 /var/www/html/framework-4.0.4/system/Model.php(1673): CodeIgniter\Database\BaseBuilder->countAllResults(false)
#5 /var/www/html/framework-4.0.4/system/Model.php(1176): CodeIgniter\Model->countAllResults(false)
#6 /var/www/html/framework-4.0.4/app/Controllers/Home.php(76): CodeIgniter\Model->paginate(10)
#7 /var/www/html/framework-4.0.4/system/CodeIgniter.php(918): App\Controllers\Home->index()
#8 /var/www/html/framework-4.0.4/system/CodeIgniter.php(404): CodeIgniter\CodeIgniter->runController(Object(App\Controllers\Home))
#9 /var/www/html/framework-4.0.4/system/CodeIgniter.php(312): CodeIgniter\CodeIgniter->handleRequest(NULL, Object(Config\Cache), false)
#10 /var/www/html/framework-4.0.4/index.php(45): CodeIgniter\CodeIgniter->run()
#11 {main}
CRITICAL - 2020-09-15 09:28:50 --> Table 'prueba.hdv' doesn't exist
#0 /var/www/html/framework-4.0.4/system/Database/MySQLi/Connection.php(331): mysqli->query('SELECT COUNT(*)...')
#1 /var/www/html/framework-4.0.4/system/Database/BaseConnection.php(741): CodeIgniter\Database\MySQLi\Connection->execute('SELECT COUNT(*)...')
#2 /var/www/html/framework-4.0.4/system/Database/BaseConnection.php(669): CodeIgniter\Database\BaseConnection->simpleQuery('SELECT COUNT(*)...')
#3 /var/www/html/framework-4.0.4/system/Database/BaseBuilder.php(1952): CodeIgniter\Database\BaseConnection->query('SELECT COUNT(*)...', Array, false)
#4 /var/www/html/framework-4.0.4/system/Model.php(1673): CodeIgniter\Database\BaseBuilder->countAllResults(false)
#5 /var/www/html/framework-4.0.4/system/Model.php(1176): CodeIgniter\Model->countAllResults(false)
#6 /var/www/html/framework-4.0.4/app/Controllers/Home.php(76): CodeIgniter\Model->paginate(10)
#7 /var/www/html/framework-4.0.4/system/CodeIgniter.php(918): App\Controllers\Home->index()
#8 /var/www/html/framework-4.0.4/system/CodeIgniter.php(404): CodeIgniter\CodeIgniter->runController(Object(App\Controllers\Home))
#9 /var/www/html/framework-4.0.4/system/CodeIgniter.php(312): CodeIgniter\CodeIgniter->handleRequest(NULL, Object(Config\Cache), false)
#10 /var/www/html/framework-4.0.4/index.php(45): CodeIgniter\CodeIgniter->run()
#11 {main}
CRITICAL - 2020-09-15 09:29:45 --> Table 'hdv.usuario' doesn't exist
#0 /var/www/html/framework-4.0.4/system/Database/MySQLi/Connection.php(331): mysqli->query('SELECT COUNT(*)...')
#1 /var/www/html/framework-4.0.4/system/Database/BaseConnection.php(741): CodeIgniter\Database\MySQLi\Connection->execute('SELECT COUNT(*)...')
#2 /var/www/html/framework-4.0.4/system/Database/BaseConnection.php(669): CodeIgniter\Database\BaseConnection->simpleQuery('SELECT COUNT(*)...')
#3 /var/www/html/framework-4.0.4/system/Database/BaseBuilder.php(1952): CodeIgniter\Database\BaseConnection->query('SELECT COUNT(*)...', Array, false)
#4 /var/www/html/framework-4.0.4/system/Model.php(1673): CodeIgniter\Database\BaseBuilder->countAllResults(false)
#5 /var/www/html/framework-4.0.4/system/Model.php(1176): CodeIgniter\Model->countAllResults(false)
#6 /var/www/html/framework-4.0.4/app/Controllers/Home.php(76): CodeIgniter\Model->paginate(10)
#7 /var/www/html/framework-4.0.4/system/CodeIgniter.php(918): App\Controllers\Home->index()
#8 /var/www/html/framework-4.0.4/system/CodeIgniter.php(404): CodeIgniter\CodeIgniter->runController(Object(App\Controllers\Home))
#9 /var/www/html/framework-4.0.4/system/CodeIgniter.php(312): CodeIgniter\CodeIgniter->handleRequest(NULL, Object(Config\Cache), false)
#10 /var/www/html/framework-4.0.4/index.php(45): CodeIgniter\CodeIgniter->run()
#11 {main}
CRITICAL - 2020-09-15 09:29:59 --> Undefined index: Id
#0 /var/www/html/framework-4.0.4/app/Views/hola.php(54): CodeIgniter\Debug\Exceptions->errorHandler(8, 'Undefined index...', '/var/www/html/f...', 54, Array)
#1 /var/www/html/framework-4.0.4/system/View/View.php(246): include('/var/www/html/f...')
#2 /var/www/html/framework-4.0.4/system/Common.php(1119): CodeIgniter\View\View->render('hola', Array, true)
#3 /var/www/html/framework-4.0.4/app/Controllers/Home.php(79): view('hola', Array)
#4 /var/www/html/framework-4.0.4/system/CodeIgniter.php(918): App\Controllers\Home->index()
#5 /var/www/html/framework-4.0.4/system/CodeIgniter.php(404): CodeIgniter\CodeIgniter->runController(Object(App\Controllers\Home))
#6 /var/www/html/framework-4.0.4/system/CodeIgniter.php(312): CodeIgniter\CodeIgniter->handleRequest(NULL, Object(Config\Cache), false)
#7 /var/www/html/framework-4.0.4/index.php(45): CodeIgniter\CodeIgniter->run()
#8 {main}
CRITICAL - 2020-09-15 09:32:29 --> Undefined index: Id
#0 /var/www/html/framework-4.0.4/app/Views/hola.php(54): CodeIgniter\Debug\Exceptions->errorHandler(8, 'Undefined index...', '/var/www/html/f...', 54, Array)
#1 /var/www/html/framework-4.0.4/system/View/View.php(246): include('/var/www/html/f...')
#2 /var/www/html/framework-4.0.4/system/Common.php(1119): CodeIgniter\View\View->render('hola', Array, true)
#3 /var/www/html/framework-4.0.4/app/Controllers/Home.php(83): view('hola', Array)
#4 /var/www/html/framework-4.0.4/system/CodeIgniter.php(918): App\Controllers\Home->index()
#5 /var/www/html/framework-4.0.4/system/CodeIgniter.php(404): CodeIgniter\CodeIgniter->runController(Object(App\Controllers\Home))
#6 /var/www/html/framework-4.0.4/system/CodeIgniter.php(312): CodeIgniter\CodeIgniter->handleRequest(NULL, Object(Config\Cache), false)
#7 /var/www/html/framework-4.0.4/index.php(45): CodeIgniter\CodeIgniter->run()
#8 {main}
CRITICAL - 2020-09-15 09:33:01 --> Undefined index: Id
#0 /var/www/html/framework-4.0.4/app/Views/hola.php(54): CodeIgniter\Debug\Exceptions->errorHandler(8, 'Undefined index...', '/var/www/html/f...', 54, Array)
#1 /var/www/html/framework-4.0.4/system/View/View.php(246): include('/var/www/html/f...')
#2 /var/www/html/framework-4.0.4/system/Common.php(1119): CodeIgniter\View\View->render('hola', Array, true)
#3 /var/www/html/framework-4.0.4/app/Controllers/Home.php(83): view('hola', Array)
#4 /var/www/html/framework-4.0.4/system/CodeIgniter.php(918): App\Controllers\Home->index()
#5 /var/www/html/framework-4.0.4/system/CodeIgniter.php(404): CodeIgniter\CodeIgniter->runController(Object(App\Controllers\Home))
#6 /var/www/html/framework-4.0.4/system/CodeIgniter.php(312): CodeIgniter\CodeIgniter->handleRequest(NULL, Object(Config\Cache), false)
#7 /var/www/html/framework-4.0.4/index.php(45): CodeIgniter\CodeIgniter->run()
#8 {main}
CRITICAL - 2020-09-15 09:33:34 --> Undefined index: apellido
#0 /var/www/html/framework-4.0.4/app/Views/hola.php(56): CodeIgniter\Debug\Exceptions->errorHandler(8, 'Undefined index...', '/var/www/html/f...', 56, Array)
#1 /var/www/html/framework-4.0.4/system/View/View.php(246): include('/var/www/html/f...')
#2 /var/www/html/framework-4.0.4/system/Common.php(1119): CodeIgniter\View\View->render('hola', Array, true)
#3 /var/www/html/framework-4.0.4/app/Controllers/Home.php(83): view('hola', Array)
#4 /var/www/html/framework-4.0.4/system/CodeIgniter.php(918): App\Controllers\Home->index()
#5 /var/www/html/framework-4.0.4/system/CodeIgniter.php(404): CodeIgniter\CodeIgniter->runController(Object(App\Controllers\Home))
#6 /var/www/html/framework-4.0.4/system/CodeIgniter.php(312): CodeIgniter\CodeIgniter->handleRequest(NULL, Object(Config\Cache), false)
#7 /var/www/html/framework-4.0.4/index.php(45): CodeIgniter\CodeIgniter->run()
#8 {main}
CRITICAL - 2020-09-15 09:35:02 --> Table 'hdv.prueba' doesn't exist
#0 /var/www/html/framework-4.0.4/system/Database/MySQLi/Connection.php(331): mysqli->query('SELECT 1\nFROM `...')
#1 /var/www/html/framework-4.0.4/system/Database/BaseConnection.php(741): CodeIgniter\Database\MySQLi\Connection->execute('SELECT 1\nFROM `...')
#2 /var/www/html/framework-4.0.4/system/Database/BaseConnection.php(669): CodeIgniter\Database\BaseConnection->simpleQuery('SELECT 1\nFROM `...')
#3 /var/www/html/framework-4.0.4/system/Database/BaseBuilder.php(1860): CodeIgniter\Database\BaseConnection->query('SELECT 1\nFROM `...', Array, false)
#4 /var/www/html/framework-4.0.4/system/Validation/Rules.php(240): CodeIgniter\Database\BaseBuilder->get()
#5 /var/www/html/framework-4.0.4/system/Validation/Validation.php(325): CodeIgniter\Validation\Rules->is_unique('root', 'apellido', Array, NULL)
#6 /var/www/html/framework-4.0.4/system/Validation/Validation.php(189): CodeIgniter\Validation\Validation->processRules('email', 'email', 'root', Array, Array)
#7 /var/www/html/framework-4.0.4/system/Model.php(1505): CodeIgniter\Validation\Validation->run(Array, NULL, NULL)
#8 /var/www/html/framework-4.0.4/system/Model.php(727): CodeIgniter\Model->validate(Array)
#9 /var/www/html/framework-4.0.4/system/Model.php(574): CodeIgniter\Model->insert(Array, false)
#10 /var/www/html/framework-4.0.4/app/Controllers/Home.php(28): CodeIgniter\Model->save(Array)
#11 /var/www/html/framework-4.0.4/system/CodeIgniter.php(918): App\Controllers\Home->guarda()
#12 /var/www/html/framework-4.0.4/system/CodeIgniter.php(404): CodeIgniter\CodeIgniter->runController(Object(App\Controllers\Home))
#13 /var/www/html/framework-4.0.4/system/CodeIgniter.php(312): CodeIgniter\CodeIgniter->handleRequest(NULL, Object(Config\Cache), false)
#14 /var/www/html/framework-4.0.4/index.php(45): CodeIgniter\CodeIgniter->run()
#15 {main}
CRITICAL - 2020-09-15 09:36:45 --> Undefined index: Id
#0 /var/www/html/framework-4.0.4/app/Views/registro/usuario.php(39): CodeIgniter\Debug\Exceptions->errorHandler(8, 'Undefined index...', '/var/www/html/f...', 39, Array)
#1 /var/www/html/framework-4.0.4/system/View/View.php(246): include('/var/www/html/f...')
#2 /var/www/html/framework-4.0.4/system/Common.php(1119): CodeIgniter\View\View->render('registro/usuari...', Array, true)
#3 /var/www/html/framework-4.0.4/app/Controllers/Home.php(42): view('registro/usuari...', Array)
#4 /var/www/html/framework-4.0.4/system/CodeIgniter.php(918): App\Controllers\Home->guarda()
#5 /var/www/html/framework-4.0.4/system/CodeIgniter.php(404): CodeIgniter\CodeIgniter->runController(Object(App\Controllers\Home))
#6 /var/www/html/framework-4.0.4/system/CodeIgniter.php(312): CodeIgniter\CodeIgniter->handleRequest(NULL, Object(Config\Cache), false)
#7 /var/www/html/framework-4.0.4/index.php(45): CodeIgniter\CodeIgniter->run()
#8 {main}
CRITICAL - 2020-09-15 09:37:21 --> Undefined index: Id
#0 /var/www/html/framework-4.0.4/app/Views/registro/usuario.php(39): CodeIgniter\Debug\Exceptions->errorHandler(8, 'Undefined index...', '/var/www/html/f...', 39, Array)
#1 /var/www/html/framework-4.0.4/system/View/View.php(246): include('/var/www/html/f...')
#2 /var/www/html/framework-4.0.4/system/Common.php(1119): CodeIgniter\View\View->render('registro/usuari...', Array, true)
#3 /var/www/html/framework-4.0.4/app/Controllers/Home.php(42): view('registro/usuari...', Array)
#4 /var/www/html/framework-4.0.4/system/CodeIgniter.php(918): App\Controllers\Home->guarda()
#5 /var/www/html/framework-4.0.4/system/CodeIgniter.php(404): CodeIgniter\CodeIgniter->runController(Object(App\Controllers\Home))
#6 /var/www/html/framework-4.0.4/system/CodeIgniter.php(312): CodeIgniter\CodeIgniter->handleRequest(NULL, Object(Config\Cache), false)
#7 /var/www/html/framework-4.0.4/index.php(45): CodeIgniter\CodeIgniter->run()
#8 {main}
CRITICAL - 2020-09-15 09:39:26 --> Undefined index: Id
#0 /var/www/html/framework-4.0.4/app/Views/registro/usuario.php(39): CodeIgniter\Debug\Exceptions->errorHandler(8, 'Undefined index...', '/var/www/html/f...', 39, Array)
#1 /var/www/html/framework-4.0.4/system/View/View.php(246): include('/var/www/html/f...')
#2 /var/www/html/framework-4.0.4/system/Common.php(1119): CodeIgniter\View\View->render('registro/usuari...', Array, true)
#3 /var/www/html/framework-4.0.4/app/Controllers/Home.php(42): view('registro/usuari...', Array)
#4 /var/www/html/framework-4.0.4/system/CodeIgniter.php(918): App\Controllers\Home->guarda()
#5 /var/www/html/framework-4.0.4/system/CodeIgniter.php(404): CodeIgniter\CodeIgniter->runController(Object(App\Controllers\Home))
#6 /var/www/html/framework-4.0.4/system/CodeIgniter.php(312): CodeIgniter\CodeIgniter->handleRequest(NULL, Object(Config\Cache), false)
#7 /var/www/html/framework-4.0.4/index.php(45): CodeIgniter\CodeIgniter->run()
#8 {main}
CRITICAL - 2020-09-15 09:46:52 --> Undefined index: Id
#0 /var/www/html/framework-4.0.4/app/Views/registro/usuario.php(39): CodeIgniter\Debug\Exceptions->errorHandler(8, 'Undefined index...', '/var/www/html/f...', 39, Array)
#1 /var/www/html/framework-4.0.4/system/View/View.php(246): include('/var/www/html/f...')
#2 /var/www/html/framework-4.0.4/system/Common.php(1119): CodeIgniter\View\View->render('registro/usuari...', Array, true)
#3 /var/www/html/framework-4.0.4/app/Controllers/Home.php(43): view('registro/usuari...', Array)
#4 /var/www/html/framework-4.0.4/system/CodeIgniter.php(918): App\Controllers\Home->guarda()
#5 /var/www/html/framework-4.0.4/system/CodeIgniter.php(404): CodeIgniter\CodeIgniter->runController(Object(App\Controllers\Home))
#6 /var/www/html/framework-4.0.4/system/CodeIgniter.php(312): CodeIgniter\CodeIgniter->handleRequest(NULL, Object(Config\Cache), false)
#7 /var/www/html/framework-4.0.4/index.php(45): CodeIgniter\CodeIgniter->run()
#8 {main}
CRITICAL - 2020-09-15 09:51:05 --> Undefined variable: paginador
#0 /var/www/html/framework-4.0.4/app/Views/hola.php(65): CodeIgniter\Debug\Exceptions->errorHandler(8, 'Undefined varia...', '/var/www/html/f...', 65, Array)
#1 /var/www/html/framework-4.0.4/system/View/View.php(246): include('/var/www/html/f...')
#2 /var/www/html/framework-4.0.4/system/Common.php(1119): CodeIgniter\View\View->render('hola', Array, true)
#3 /var/www/html/framework-4.0.4/app/Controllers/Home.php(39): view('hola', Array)
#4 /var/www/html/framework-4.0.4/system/CodeIgniter.php(918): App\Controllers\Home->guarda()
#5 /var/www/html/framework-4.0.4/system/CodeIgniter.php(404): CodeIgniter\CodeIgniter->runController(Object(App\Controllers\Home))
#6 /var/www/html/framework-4.0.4/system/CodeIgniter.php(312): CodeIgniter\CodeIgniter->handleRequest(NULL, Object(Config\Cache), false)
#7 /var/www/html/framework-4.0.4/index.php(45): CodeIgniter\CodeIgniter->run()
#8 {main}
CRITICAL - 2020-09-15 10:13:30 --> Undefined variable: users
#0 /var/www/html/framework-4.0.4/app/Views/hola.php(52): CodeIgniter\Debug\Exceptions->errorHandler(8, 'Undefined varia...', '/var/www/html/f...', 52, Array)
#1 /var/www/html/framework-4.0.4/system/View/View.php(246): include('/var/www/html/f...')
#2 /var/www/html/framework-4.0.4/system/Common.php(1119): CodeIgniter\View\View->render('hola', Array, true)
#3 /var/www/html/framework-4.0.4/app/Controllers/Home.php(46): view('hola')
#4 /var/www/html/framework-4.0.4/system/CodeIgniter.php(918): App\Controllers\Home->guarda()
#5 /var/www/html/framework-4.0.4/system/CodeIgniter.php(404): CodeIgniter\CodeIgniter->runController(Object(App\Controllers\Home))
#6 /var/www/html/framework-4.0.4/system/CodeIgniter.php(312): CodeIgniter\CodeIgniter->handleRequest(NULL, Object(Config\Cache), false)
#7 /var/www/html/framework-4.0.4/index.php(45): CodeIgniter\CodeIgniter->run()
#8 {main}
CRITICAL - 2020-09-15 10:15:30 --> Undefined variable: users
#0 /var/www/html/framework-4.0.4/app/Views/hola.php(52): CodeIgniter\Debug\Exceptions->errorHandler(8, 'Undefined varia...', '/var/www/html/f...', 52, Array)
#1 /var/www/html/framework-4.0.4/system/View/View.php(246): include('/var/www/html/f...')
#2 /var/www/html/framework-4.0.4/system/Common.php(1119): CodeIgniter\View\View->render('hola', Array, true)
#3 /var/www/html/framework-4.0.4/app/Controllers/Home.php(40): view('hola')
#4 /var/www/html/framework-4.0.4/system/CodeIgniter.php(918): App\Controllers\Home->guarda()
#5 /var/www/html/framework-4.0.4/system/CodeIgniter.php(404): CodeIgniter\CodeIgniter->runController(Object(App\Controllers\Home))
#6 /var/www/html/framework-4.0.4/system/CodeIgniter.php(312): CodeIgniter\CodeIgniter->handleRequest(NULL, Object(Config\Cache), false)
#7 /var/www/html/framework-4.0.4/index.php(45): CodeIgniter\CodeIgniter->run()
#8 {main}
CRITICAL - 2020-09-15 10:24:51 --> Undefined variable: users
#0 /var/www/html/framework-4.0.4/app/Views/hola.php(52): CodeIgniter\Debug\Exceptions->errorHandler(8, 'Undefined varia...', '/var/www/html/f...', 52, Array)
#1 /var/www/html/framework-4.0.4/system/View/View.php(246): include('/var/www/html/f...')
#2 /var/www/html/framework-4.0.4/system/Common.php(1119): CodeIgniter\View\View->render('hola', Array, true)
#3 /var/www/html/framework-4.0.4/app/Controllers/Home.php(40): view('hola')
#4 /var/www/html/framework-4.0.4/system/CodeIgniter.php(918): App\Controllers\Home->guarda()
#5 /var/www/html/framework-4.0.4/system/CodeIgniter.php(404): CodeIgniter\CodeIgniter->runController(Object(App\Controllers\Home))
#6 /var/www/html/framework-4.0.4/system/CodeIgniter.php(312): CodeIgniter\CodeIgniter->handleRequest(NULL, Object(Config\Cache), false)
#7 /var/www/html/framework-4.0.4/index.php(45): CodeIgniter\CodeIgniter->run()
#8 {main}
CRITICAL - 2020-09-15 10:25:31 --> Undefined variable: users
#0 /var/www/html/framework-4.0.4/app/Views/hola.php(52): CodeIgniter\Debug\Exceptions->errorHandler(8, 'Undefined varia...', '/var/www/html/f...', 52, Array)
#1 /var/www/html/framework-4.0.4/system/View/View.php(246): include('/var/www/html/f...')
#2 /var/www/html/framework-4.0.4/system/Common.php(1119): CodeIgniter\View\View->render('hola', Array, true)
#3 /var/www/html/framework-4.0.4/app/Controllers/Home.php(40): view('hola')
#4 /var/www/html/framework-4.0.4/system/CodeIgniter.php(918): App\Controllers\Home->guarda()
#5 /var/www/html/framework-4.0.4/system/CodeIgniter.php(404): CodeIgniter\CodeIgniter->runController(Object(App\Controllers\Home))
#6 /var/www/html/framework-4.0.4/system/CodeIgniter.php(312): CodeIgniter\CodeIgniter->handleRequest(NULL, Object(Config\Cache), false)
#7 /var/www/html/framework-4.0.4/index.php(45): CodeIgniter\CodeIgniter->run()
#8 {main}
CRITICAL - 2020-09-15 10:25:58 --> Undefined variable: users
#0 /var/www/html/framework-4.0.4/app/Views/hola.php(52): CodeIgniter\Debug\Exceptions->errorHandler(8, 'Undefined varia...', '/var/www/html/f...', 52, Array)
#1 /var/www/html/framework-4.0.4/system/View/View.php(246): include('/var/www/html/f...')
#2 /var/www/html/framework-4.0.4/system/Common.php(1119): CodeIgniter\View\View->render('hola', Array, true)
#3 /var/www/html/framework-4.0.4/app/Controllers/Home.php(40): view('hola')
#4 /var/www/html/framework-4.0.4/system/CodeIgniter.php(918): App\Controllers\Home->guarda()
#5 /var/www/html/framework-4.0.4/system/CodeIgniter.php(404): CodeIgniter\CodeIgniter->runController(Object(App\Controllers\Home))
#6 /var/www/html/framework-4.0.4/system/CodeIgniter.php(312): CodeIgniter\CodeIgniter->handleRequest(NULL, Object(Config\Cache), false)
#7 /var/www/html/framework-4.0.4/index.php(45): CodeIgniter\CodeIgniter->run()
#8 {main}
CRITICAL - 2020-09-15 10:32:04 --> Undefined index: Id
#0 /var/www/html/framework-4.0.4/app/Views/hola.php(34): CodeIgniter\Debug\Exceptions->errorHandler(8, 'Undefined index...', '/var/www/html/f...', 34, Array)
#1 /var/www/html/framework-4.0.4/system/View/View.php(246): include('/var/www/html/f...')
#2 /var/www/html/framework-4.0.4/system/Common.php(1119): CodeIgniter\View\View->render('hola', Array, true)
#3 /var/www/html/framework-4.0.4/app/Controllers/Home.php(89): view('hola', Array)
#4 /var/www/html/framework-4.0.4/system/CodeIgniter.php(918): App\Controllers\Home->index()
#5 /var/www/html/framework-4.0.4/system/CodeIgniter.php(404): CodeIgniter\CodeIgniter->runController(Object(App\Controllers\Home))
#6 /var/www/html/framework-4.0.4/system/CodeIgniter.php(312): CodeIgniter\CodeIgniter->handleRequest(NULL, Object(Config\Cache), false)
#7 /var/www/html/framework-4.0.4/index.php(45): CodeIgniter\CodeIgniter->run()
#8 {main}
