CRITICAL - 2020-09-16 10:15:28 --> Undefined variable: users
#0 /var/www/html/framework-4.0.4/app/Views/hola.php(43): CodeIgniter\Debug\Exceptions->errorHandler(8, 'Undefined varia...', '/var/www/html/f...', 43, Array)
#1 /var/www/html/framework-4.0.4/system/View/View.php(246): include('/var/www/html/f...')
#2 /var/www/html/framework-4.0.4/system/Common.php(1119): CodeIgniter\View\View->render('hola', Array, true)
#3 /var/www/html/framework-4.0.4/app/Controllers/Home.php(89): view('hola')
#4 /var/www/html/framework-4.0.4/system/CodeIgniter.php(918): App\Controllers\Home->index()
#5 /var/www/html/framework-4.0.4/system/CodeIgniter.php(404): CodeIgniter\CodeIgniter->runController(Object(App\Controllers\Home))
#6 /var/www/html/framework-4.0.4/system/CodeIgniter.php(312): CodeIgniter\CodeIgniter->handleRequest(NULL, Object(Config\Cache), false)
#7 /var/www/html/framework-4.0.4/index.php(45): CodeIgniter\CodeIgniter->run()
#8 {main}
CRITICAL - 2020-09-16 10:15:37 --> Undefined variable: users
#0 /var/www/html/framework-4.0.4/app/Views/hola.php(43): CodeIgniter\Debug\Exceptions->errorHandler(8, 'Undefined varia...', '/var/www/html/f...', 43, Array)
#1 /var/www/html/framework-4.0.4/system/View/View.php(246): include('/var/www/html/f...')
#2 /var/www/html/framework-4.0.4/system/Common.php(1119): CodeIgniter\View\View->render('hola', Array, true)
#3 /var/www/html/framework-4.0.4/app/Controllers/Home.php(89): view('hola')
#4 /var/www/html/framework-4.0.4/system/CodeIgniter.php(918): App\Controllers\Home->index()
#5 /var/www/html/framework-4.0.4/system/CodeIgniter.php(404): CodeIgniter\CodeIgniter->runController(Object(App\Controllers\Home))
#6 /var/www/html/framework-4.0.4/system/CodeIgniter.php(312): CodeIgniter\CodeIgniter->handleRequest(NULL, Object(Config\Cache), false)
#7 /var/www/html/framework-4.0.4/index.php(45): CodeIgniter\CodeIgniter->run()
#8 {main}
CRITICAL - 2020-09-16 10:16:41 --> Undefined variable: users
#0 /var/www/html/framework-4.0.4/app/Views/hola.php(43): CodeIgniter\Debug\Exceptions->errorHandler(8, 'Undefined varia...', '/var/www/html/f...', 43, Array)
#1 /var/www/html/framework-4.0.4/system/View/View.php(246): include('/var/www/html/f...')
#2 /var/www/html/framework-4.0.4/system/Common.php(1119): CodeIgniter\View\View->render('hola', Array, true)
#3 /var/www/html/framework-4.0.4/app/Controllers/Home.php(89): view('hola')
#4 /var/www/html/framework-4.0.4/system/CodeIgniter.php(918): App\Controllers\Home->index()
#5 /var/www/html/framework-4.0.4/system/CodeIgniter.php(404): CodeIgniter\CodeIgniter->runController(Object(App\Controllers\Home))
#6 /var/www/html/framework-4.0.4/system/CodeIgniter.php(312): CodeIgniter\CodeIgniter->handleRequest(NULL, Object(Config\Cache), false)
#7 /var/www/html/framework-4.0.4/index.php(45): CodeIgniter\CodeIgniter->run()
#8 {main}
CRITICAL - 2020-09-16 10:17:11 --> Undefined variable: users
#0 /var/www/html/framework-4.0.4/app/Views/hola.php(52): CodeIgniter\Debug\Exceptions->errorHandler(8, 'Undefined varia...', '/var/www/html/f...', 52, Array)
#1 /var/www/html/framework-4.0.4/system/View/View.php(246): include('/var/www/html/f...')
#2 /var/www/html/framework-4.0.4/system/Common.php(1119): CodeIgniter\View\View->render('hola', Array, true)
#3 /var/www/html/framework-4.0.4/app/Controllers/Home.php(89): view('hola')
#4 /var/www/html/framework-4.0.4/system/CodeIgniter.php(918): App\Controllers\Home->index()
#5 /var/www/html/framework-4.0.4/system/CodeIgniter.php(404): CodeIgniter\CodeIgniter->runController(Object(App\Controllers\Home))
#6 /var/www/html/framework-4.0.4/system/CodeIgniter.php(312): CodeIgniter\CodeIgniter->handleRequest(NULL, Object(Config\Cache), false)
#7 /var/www/html/framework-4.0.4/index.php(45): CodeIgniter\CodeIgniter->run()
#8 {main}
CRITICAL - 2020-09-16 10:17:12 --> Undefined variable: users
#0 /var/www/html/framework-4.0.4/app/Views/hola.php(52): CodeIgniter\Debug\Exceptions->errorHandler(8, 'Undefined varia...', '/var/www/html/f...', 52, Array)
#1 /var/www/html/framework-4.0.4/system/View/View.php(246): include('/var/www/html/f...')
#2 /var/www/html/framework-4.0.4/system/Common.php(1119): CodeIgniter\View\View->render('hola', Array, true)
#3 /var/www/html/framework-4.0.4/app/Controllers/Home.php(89): view('hola')
#4 /var/www/html/framework-4.0.4/system/CodeIgniter.php(918): App\Controllers\Home->index()
#5 /var/www/html/framework-4.0.4/system/CodeIgniter.php(404): CodeIgniter\CodeIgniter->runController(Object(App\Controllers\Home))
#6 /var/www/html/framework-4.0.4/system/CodeIgniter.php(312): CodeIgniter\CodeIgniter->handleRequest(NULL, Object(Config\Cache), false)
#7 /var/www/html/framework-4.0.4/index.php(45): CodeIgniter\CodeIgniter->run()
#8 {main}
CRITICAL - 2020-09-16 10:17:29 --> Undefined variable: users
#0 /var/www/html/framework-4.0.4/app/Views/hola.php(52): CodeIgniter\Debug\Exceptions->errorHandler(8, 'Undefined varia...', '/var/www/html/f...', 52, Array)
#1 /var/www/html/framework-4.0.4/system/View/View.php(246): include('/var/www/html/f...')
#2 /var/www/html/framework-4.0.4/system/Common.php(1119): CodeIgniter\View\View->render('hola', Array, true)
#3 /var/www/html/framework-4.0.4/app/Controllers/Home.php(89): view('hola')
#4 /var/www/html/framework-4.0.4/system/CodeIgniter.php(918): App\Controllers\Home->index()
#5 /var/www/html/framework-4.0.4/system/CodeIgniter.php(404): CodeIgniter\CodeIgniter->runController(Object(App\Controllers\Home))
#6 /var/www/html/framework-4.0.4/system/CodeIgniter.php(312): CodeIgniter\CodeIgniter->handleRequest(NULL, Object(Config\Cache), false)
#7 /var/www/html/framework-4.0.4/index.php(45): CodeIgniter\CodeIgniter->run()
#8 {main}
CRITICAL - 2020-09-16 10:24:24 --> Table 'hdv.prueba' doesn't exist
#0 /var/www/html/framework-4.0.4/system/Database/MySQLi/Connection.php(331): mysqli->query('SELECT COUNT(*)...')
#1 /var/www/html/framework-4.0.4/system/Database/BaseConnection.php(741): CodeIgniter\Database\MySQLi\Connection->execute('SELECT COUNT(*)...')
#2 /var/www/html/framework-4.0.4/system/Database/BaseConnection.php(669): CodeIgniter\Database\BaseConnection->simpleQuery('SELECT COUNT(*)...')
#3 /var/www/html/framework-4.0.4/system/Database/BaseBuilder.php(1952): CodeIgniter\Database\BaseConnection->query('SELECT COUNT(*)...', Array, false)
#4 /var/www/html/framework-4.0.4/system/Model.php(1673): CodeIgniter\Database\BaseBuilder->countAllResults(false)
#5 /var/www/html/framework-4.0.4/system/Model.php(1176): CodeIgniter\Model->countAllResults(false)
#6 /var/www/html/framework-4.0.4/app/Controllers/Micontrolador.php(95): CodeIgniter\Model->paginate(5)
#7 /var/www/html/framework-4.0.4/system/CodeIgniter.php(918): App\Controllers\Micontrolador->index()
#8 /var/www/html/framework-4.0.4/system/CodeIgniter.php(404): CodeIgniter\CodeIgniter->runController(Object(App\Controllers\Micontrolador))
#9 /var/www/html/framework-4.0.4/system/CodeIgniter.php(312): CodeIgniter\CodeIgniter->handleRequest(NULL, Object(Config\Cache), false)
#10 /var/www/html/framework-4.0.4/index.php(45): CodeIgniter\CodeIgniter->run()
#11 {main}
CRITICAL - 2020-09-16 15:03:37 --> Undefined variable: primer_nombre
#0 /var/www/html/framework-4.0.4/app/Views/registro/datos.php(27): CodeIgniter\Debug\Exceptions->errorHandler(8, 'Undefined varia...', '/var/www/html/f...', 27, Array)
#1 /var/www/html/framework-4.0.4/system/View/View.php(246): include('/var/www/html/f...')
#2 /var/www/html/framework-4.0.4/system/Common.php(1119): CodeIgniter\View\View->render('registro/datos', Array, true)
#3 /var/www/html/framework-4.0.4/app/Controllers/Home.php(84): view('registro/datos')
#4 /var/www/html/framework-4.0.4/system/CodeIgniter.php(918): App\Controllers\Home->registro()
#5 /var/www/html/framework-4.0.4/system/CodeIgniter.php(404): CodeIgniter\CodeIgniter->runController(Object(App\Controllers\Home))
#6 /var/www/html/framework-4.0.4/system/CodeIgniter.php(312): CodeIgniter\CodeIgniter->handleRequest(NULL, Object(Config\Cache), false)
#7 /var/www/html/framework-4.0.4/index.php(45): CodeIgniter\CodeIgniter->run()
#8 {main}
CRITICAL - 2020-09-16 15:05:18 --> Undefined variable: primer_nombre
#0 /var/www/html/framework-4.0.4/app/Views/registro/datos.php(27): CodeIgniter\Debug\Exceptions->errorHandler(8, 'Undefined varia...', '/var/www/html/f...', 27, Array)
#1 /var/www/html/framework-4.0.4/system/View/View.php(246): include('/var/www/html/f...')
#2 /var/www/html/framework-4.0.4/system/Common.php(1119): CodeIgniter\View\View->render('registro/datos', Array, true)
#3 /var/www/html/framework-4.0.4/app/Controllers/Home.php(84): view('registro/datos')
#4 /var/www/html/framework-4.0.4/system/CodeIgniter.php(918): App\Controllers\Home->registro()
#5 /var/www/html/framework-4.0.4/system/CodeIgniter.php(404): CodeIgniter\CodeIgniter->runController(Object(App\Controllers\Home))
#6 /var/www/html/framework-4.0.4/system/CodeIgniter.php(312): CodeIgniter\CodeIgniter->handleRequest(NULL, Object(Config\Cache), false)
#7 /var/www/html/framework-4.0.4/index.php(45): CodeIgniter\CodeIgniter->run()
#8 {main}
CRITICAL - 2020-09-16 15:08:03 --> Undefined variable: email
#0 /var/www/html/framework-4.0.4/app/Views/registro/datos.php(35): CodeIgniter\Debug\Exceptions->errorHandler(8, 'Undefined varia...', '/var/www/html/f...', 35, Array)
#1 /var/www/html/framework-4.0.4/system/View/View.php(246): include('/var/www/html/f...')
#2 /var/www/html/framework-4.0.4/system/Common.php(1119): CodeIgniter\View\View->render('registro/datos', Array, true)
#3 /var/www/html/framework-4.0.4/app/Controllers/Home.php(84): view('registro/datos')
#4 /var/www/html/framework-4.0.4/system/CodeIgniter.php(918): App\Controllers\Home->registro()
#5 /var/www/html/framework-4.0.4/system/CodeIgniter.php(404): CodeIgniter\CodeIgniter->runController(Object(App\Controllers\Home))
#6 /var/www/html/framework-4.0.4/system/CodeIgniter.php(312): CodeIgniter\CodeIgniter->handleRequest(NULL, Object(Config\Cache), false)
#7 /var/www/html/framework-4.0.4/index.php(45): CodeIgniter\CodeIgniter->run()
#8 {main}
CRITICAL - 2020-09-16 16:41:25 -->  is not a valid rule.
#0 /var/www/html/framework-4.0.4/system/Validation/Validation.php(333): CodeIgniter\Validation\Exceptions\ValidationException::forRuleNotFound('')
#1 /var/www/html/framework-4.0.4/system/Validation/Validation.php(189): CodeIgniter\Validation\Validation->processRules('primer_nombre', 'primer_nombre', NULL, Array, Array)
#2 /var/www/html/framework-4.0.4/system/Model.php(1505): CodeIgniter\Validation\Validation->run(Array, NULL, NULL)
#3 /var/www/html/framework-4.0.4/system/Model.php(727): CodeIgniter\Model->validate(Array)
#4 /var/www/html/framework-4.0.4/system/Model.php(574): CodeIgniter\Model->insert(Array, false)
#5 /var/www/html/framework-4.0.4/app/Controllers/Home.php(111): CodeIgniter\Model->save(Array)
#6 /var/www/html/framework-4.0.4/system/CodeIgniter.php(918): App\Controllers\Home->datos()
#7 /var/www/html/framework-4.0.4/system/CodeIgniter.php(404): CodeIgniter\CodeIgniter->runController(Object(App\Controllers\Home))
#8 /var/www/html/framework-4.0.4/system/CodeIgniter.php(312): CodeIgniter\CodeIgniter->handleRequest(NULL, Object(Config\Cache), false)
#9 /var/www/html/framework-4.0.4/index.php(45): CodeIgniter\CodeIgniter->run()
#10 {main}
CRITICAL - 2020-09-16 16:41:53 -->  is not a valid rule.
#0 /var/www/html/framework-4.0.4/system/Validation/Validation.php(333): CodeIgniter\Validation\Exceptions\ValidationException::forRuleNotFound('')
#1 /var/www/html/framework-4.0.4/system/Validation/Validation.php(189): CodeIgniter\Validation\Validation->processRules('lugar_nacimient...', 'lugar_nacimient...', NULL, Array, Array)
#2 /var/www/html/framework-4.0.4/system/Model.php(1505): CodeIgniter\Validation\Validation->run(Array, NULL, NULL)
#3 /var/www/html/framework-4.0.4/system/Model.php(727): CodeIgniter\Model->validate(Array)
#4 /var/www/html/framework-4.0.4/system/Model.php(574): CodeIgniter\Model->insert(Array, false)
#5 /var/www/html/framework-4.0.4/app/Controllers/Home.php(111): CodeIgniter\Model->save(Array)
#6 /var/www/html/framework-4.0.4/system/CodeIgniter.php(918): App\Controllers\Home->datos()
#7 /var/www/html/framework-4.0.4/system/CodeIgniter.php(404): CodeIgniter\CodeIgniter->runController(Object(App\Controllers\Home))
#8 /var/www/html/framework-4.0.4/system/CodeIgniter.php(312): CodeIgniter\CodeIgniter->handleRequest(NULL, Object(Config\Cache), false)
#9 /var/www/html/framework-4.0.4/index.php(45): CodeIgniter\CodeIgniter->run()
#10 {main}
CRITICAL - 2020-09-16 16:42:38 -->  is not a valid rule.
#0 /var/www/html/framework-4.0.4/system/Validation/Validation.php(333): CodeIgniter\Validation\Exceptions\ValidationException::forRuleNotFound('')
#1 /var/www/html/framework-4.0.4/system/Validation/Validation.php(189): CodeIgniter\Validation\Validation->processRules('lugar_nacimient...', 'lugar_nacimient...', NULL, Array, Array)
#2 /var/www/html/framework-4.0.4/system/Model.php(1505): CodeIgniter\Validation\Validation->run(Array, NULL, NULL)
#3 /var/www/html/framework-4.0.4/system/Model.php(727): CodeIgniter\Model->validate(Array)
#4 /var/www/html/framework-4.0.4/system/Model.php(574): CodeIgniter\Model->insert(Array, false)
#5 /var/www/html/framework-4.0.4/app/Controllers/Home.php(111): CodeIgniter\Model->save(Array)
#6 /var/www/html/framework-4.0.4/system/CodeIgniter.php(918): App\Controllers\Home->datos()
#7 /var/www/html/framework-4.0.4/system/CodeIgniter.php(404): CodeIgniter\CodeIgniter->runController(Object(App\Controllers\Home))
#8 /var/www/html/framework-4.0.4/system/CodeIgniter.php(312): CodeIgniter\CodeIgniter->handleRequest(NULL, Object(Config\Cache), false)
#9 /var/www/html/framework-4.0.4/index.php(45): CodeIgniter\CodeIgniter->run()
#10 {main}
CRITICAL - 2020-09-16 16:42:47 -->  is not a valid rule.
#0 /var/www/html/framework-4.0.4/system/Validation/Validation.php(333): CodeIgniter\Validation\Exceptions\ValidationException::forRuleNotFound('')
#1 /var/www/html/framework-4.0.4/system/Validation/Validation.php(189): CodeIgniter\Validation\Validation->processRules('lugar_nacimient...', 'lugar_nacimient...', NULL, Array, Array)
#2 /var/www/html/framework-4.0.4/system/Model.php(1505): CodeIgniter\Validation\Validation->run(Array, NULL, NULL)
#3 /var/www/html/framework-4.0.4/system/Model.php(727): CodeIgniter\Model->validate(Array)
#4 /var/www/html/framework-4.0.4/system/Model.php(574): CodeIgniter\Model->insert(Array, false)
#5 /var/www/html/framework-4.0.4/app/Controllers/Home.php(111): CodeIgniter\Model->save(Array)
#6 /var/www/html/framework-4.0.4/system/CodeIgniter.php(918): App\Controllers\Home->datos()
#7 /var/www/html/framework-4.0.4/system/CodeIgniter.php(404): CodeIgniter\CodeIgniter->runController(Object(App\Controllers\Home))
#8 /var/www/html/framework-4.0.4/system/CodeIgniter.php(312): CodeIgniter\CodeIgniter->handleRequest(NULL, Object(Config\Cache), false)
#9 /var/www/html/framework-4.0.4/index.php(45): CodeIgniter\CodeIgniter->run()
#10 {main}
CRITICAL - 2020-09-16 16:52:02 --> Unknown column 'edad' in 'field list'
#0 /var/www/html/framework-4.0.4/system/Database/MySQLi/Connection.php(331): mysqli->query('INSERT INTO `da...')
#1 /var/www/html/framework-4.0.4/system/Database/BaseConnection.php(741): CodeIgniter\Database\MySQLi\Connection->execute('INSERT INTO `da...')
#2 /var/www/html/framework-4.0.4/system/Database/BaseConnection.php(669): CodeIgniter\Database\BaseConnection->simpleQuery('INSERT INTO `da...')
#3 /var/www/html/framework-4.0.4/system/Database/BaseBuilder.php(2249): CodeIgniter\Database\BaseConnection->query('INSERT INTO `da...', Array, false)
#4 /var/www/html/framework-4.0.4/system/Model.php(755): CodeIgniter\Database\BaseBuilder->insert()
#5 /var/www/html/framework-4.0.4/system/Model.php(574): CodeIgniter\Model->insert(Array, false)
#6 /var/www/html/framework-4.0.4/app/Controllers/Home.php(116): CodeIgniter\Model->save(Array)
#7 /var/www/html/framework-4.0.4/system/CodeIgniter.php(918): App\Controllers\Home->guardardatos()
#8 /var/www/html/framework-4.0.4/system/CodeIgniter.php(404): CodeIgniter\CodeIgniter->runController(Object(App\Controllers\Home))
#9 /var/www/html/framework-4.0.4/system/CodeIgniter.php(312): CodeIgniter\CodeIgniter->handleRequest(NULL, Object(Config\Cache), false)
#10 /var/www/html/framework-4.0.4/index.php(45): CodeIgniter\CodeIgniter->run()
#11 {main}
